2024-07-09 11:51:02,742 - INFO - Extraídas informações do arquivo: C:\Users\flaviob\Desktop\Estrutura\VMCO0112\alang\CliSiTef.Ini
2024-07-09 11:51:02,744 - INFO - Extraídas informações do arquivo: C:\Users\flaviob\Desktop\Estrutura\VMCO0112\biancaalves\CliSiTef.Ini
2024-07-09 11:51:02,745 - INFO - Extraídas informações do arquivo: C:\Users\flaviob\Desktop\Estrutura\VMCO0112\biancar\CliSiTef.ini
2024-07-09 11:51:02,747 - INFO - Extraídas informações do arquivo: C:\Users\flaviob\Desktop\Estrutura\VMCO0112\gabrielrocha\CliSiTef.ini
2024-07-09 11:51:02,749 - INFO - Extraídas informações do arquivo: C:\Users\flaviob\Desktop\Estrutura\VMCO0112\MarcosAlmeida\CliSiTef.Ini
2024-07-09 11:51:02,754 - INFO - Extraídas informações do arquivo: C:\Users\flaviob\Desktop\Estrutura\VMCO0112\marjhories\CliSiTef.ini
2024-07-09 11:51:02,755 - INFO - Extraídas informações do arquivo: C:\Users\flaviob\Desktop\Estrutura\VMCO0112\patriciasilva\CliSiTef.ini
2024-07-09 11:51:02,758 - INFO - Extraídas informações do arquivo: C:\Users\flaviob\Desktop\Estrutura\VMCO0384\EvandroS\CliSiTef.ini
2024-07-09 11:51:02,759 - INFO - Extraídas informações do arquivo: C:\Users\flaviob\Desktop\Estrutura\VMCO0384\francineo\CliSiTef.ini
2024-07-09 11:51:02,761 - INFO - Extraídas informações do arquivo: C:\Users\flaviob\Desktop\Estrutura\VMCO0384\gabrielss\CliSiTef.Ini
2024-07-09 11:51:02,762 - INFO - Extraídas informações do arquivo: C:\Users\flaviob\Desktop\Estrutura\VMCO0384\ingridbr\CliSiTef.Ini
2024-07-09 11:51:02,764 - INFO - Extraídas informações do arquivo: C:\Users\flaviob\Desktop\Estrutura\VMCO0384\jhonatand\CliSiTef.Ini
2024-07-09 11:51:02,765 - INFO - Extraídas informações do arquivo: C:\Users\flaviob\Desktop\Estrutura\VMCO0384\raphaelavidigal\CliSiTef.Ini
2024-07-09 11:51:02,767 - INFO - Extraídas informações do arquivo: C:\Users\flaviob\Desktop\Estrutura\VMCO0384\WELLINGTON\CliSiTef.Ini
2024-07-09 11:51:02,769 - INFO - Extraídas informações do arquivo: C:\Users\flaviob\Desktop\Estrutura\VMCO0465\BarbaraM\CliSiTef.Ini
2024-07-09 11:51:02,771 - INFO - Extraídas informações do arquivo: C:\Users\flaviob\Desktop\Estrutura\VMCO0465\jheinyellecristo\CliSiTef.ini
2024-07-09 11:51:02,773 - INFO - Extraídas informações do arquivo: C:\Users\flaviob\Desktop\Estrutura\VMCO0465\joselly\CliSiTef.Ini
2024-07-09 11:51:02,775 - INFO - Extraídas informações do arquivo: C:\Users\flaviob\Desktop\Estrutura\VMCO0465\luaram\CliSiTef.Ini
2024-07-09 11:51:02,777 - INFO - Extraídas informações do arquivo: C:\Users\flaviob\Desktop\Estrutura\VMCO0465\mahyarac\CliSiTef.ini
2024-07-09 11:51:03,254 - INFO - Dados extraídos e salvos em 'dados_ini_Estrutura.xlsx'
